August 22, 2024,testusername,login
August 22, 2024,testKatherine,register
August 22, 2024,testKatherine,login
August 22, 2024,testKatherine,login
August 22, 2024,testKatherine,login
August 22, 2024,testKatherine,add-to-cart
August 22, 2024,testKatherine,checkout
August 22, 2024,testuser,register
August 22, 2024,testuser,login
August 22, 2024,testuser,logout
August 22, 2024,testuser,login
August 22, 2024,testuser,login
August 22, 2024,testuser,add-to-cart
August 22, 2024,testuser,remove-from-cart
August 22, 2024,testuser,logout
August 22, 2024,testuser,login
August 22, 2024,testuser,add-to-cart
August 22, 2024,testuser,remove-from-cart
August 22, 2024,testuser,logout
August 23, 2024,testingRegistrationPage,register
August 23, 2024,test,register
August 23, 2024,barak,register
August 23, 2024,barak,login
August 23, 2024,admin,login
August 23, 2024,admin,logout
August 23, 2024,admin,login
August 23, 2024,admin,logout
August 23, 2024,admin,login
August 23, 2024,admin,logout
August 23, 2024,test,login
August 23, 2024,admin,login
August 23, 2024,admin,logout
August 23, 2024,admin,login
August 23, 2024,admin,logout
August 23, 2024,admin,login
August 23, 2024,admin,logout
August 23, 2024,admin,login
August 23, 2024,admin,logout
August 23, 2024,admin,login
August 23, 2024,admin,logout
August 23, 2024,admin,login
August 23, 2024,admin,logout
August 23, 2024,admin,login
August 23, 2024,admin,logout
August 23, 2024,admin,login
August 23, 2024,admin,logout
August 23, 2024,admin,login
August 23, 2024,admin,logout
August 23, 2024,admin,login
August 23, 2024,admin,logout
August 23, 2024,admin,login
August 23, 2024,admin,logout
August 23, 2024,admin,login
August 23, 2024,admin,logout
August 23, 2024,admin,login
August 23, 2024,admin,logout
August 23, 2024,admin,login
August 23, 2024,admin,add-to-cart
August 23, 2024,admin,logout
August 23, 2024,admin,login
August 23, 2024,admin,logout
August 23, 2024,admin,login
August 23, 2024,admin,add-to-cart
August 23, 2024,admin,add-to-cart
August 23, 2024,admin,add-to-cart
August 23, 2024,admin,add-to-cart
August 23, 2024,admin,add-to-cart
August 23, 2024,admin,logout
August 23, 2024,admin,login
August 23, 2024,admin,logout
August 23, 2024,admin,login
August 23, 2024,admin,add-to-cart
August 23, 2024,admin,add-to-cart
August 23, 2024,admin,add-to-cart
August 23, 2024,admin,add-to-cart
August 23, 2024,admin,add-to-cart
August 23, 2024,admin,add-to-cart
August 23, 2024,admin,remove-from-cart
August 23, 2024,admin,add-to-cart
August 23, 2024,admin,remove-from-cart
August 23, 2024,admin,add-to-cart
August 23, 2024,admin,remove-from-cart
August 23, 2024,admin,add-to-cart
August 23, 2024,admin,add-to-cart
August 23, 2024,admin,add-to-cart
August 23, 2024,admin,add-to-cart
August 23, 2024,admin,add-to-cart
August 23, 2024,admin,remove-from-cart
August 23, 2024,admin,remove-from-cart
August 23, 2024,admin,remove-from-cart
August 23, 2024,admin,remove-from-cart
August 23, 2024,admin,remove-from-cart
August 23, 2024,admin,add-to-cart
August 23, 2024,admin,remove-from-cart
August 23, 2024,admin,login
August 23, 2024,admin,add-to-cart
August 23, 2024,admin,remove-from-cart
August 23, 2024,admin,add-to-cart
August 23, 2024,admin,remove-from-cart
August 23, 2024,admin,add-to-cart
August 23, 2024,admin,remove-from-cart
August 23, 2024,admin,add-to-cart
August 23, 2024,admin,login
August 23, 2024,admin,add-to-cart
August 23, 2024,admin,logout
August 23, 2024,barak,login
August 23, 2024,admin,login
August 23, 2024,admin,add-to-cart
August 23, 2024,admin,add-to-cart
August 23, 2024,admin,add-to-cart
August 23, 2024,admin,remove-from-cart
August 23, 2024,admin,add-to-cart
August 23, 2024,admin,add-to-cart
August 23, 2024,admin,add-to-cart
August 23, 2024,admin,add-to-cart
August 23, 2024,admin,add-to-cart
August 23, 2024,admin,add-to-cart
August 23, 2024,admin,add-to-cart
August 23, 2024,admin,remove-from-cart
August 23, 2024,admin,add-to-cart
August 23, 2024,admin,checkout
August 23, 2024,admin,add-to-cart
August 23, 2024,admin,checkout
August 23, 2024,admin,add-to-cart
August 23, 2024,admin,checkout
August 23, 2024,admin,add-to-cart
August 23, 2024,admin,checkout
August 23, 2024,admin,add-to-cart
August 23, 2024,admin,checkout
August 23, 2024,admin,add-to-cart
August 23, 2024,admin,checkout
August 23, 2024,admin,add-to-cart
August 23, 2024,admin,checkout
August 23, 2024,admin,add-to-cart
August 23, 2024,admin,add-to-cart
August 23, 2024,admin,logout
August 23, 2024,admin,login
August 23, 2024,admin,logout
August 23, 2024,admin,login
August 23, 2024,admin,logout
August 23, 2024,admin,login
August 23, 2024,admin,remove-from-cart
August 23, 2024,admin,add-to-cart
August 23, 2024,admin,remove-from-cart
August 23, 2024,admin,remove-from-cart
August 23, 2024,admin,logout
August 23, 2024,admin,login
August 23, 2024,admin,login
August 23, 2024,admin,login
August 23, 2024,admin,login
August 23, 2024,admin,login
August 23, 2024,admin,login
August 23, 2024,admin,login
August 23, 2024,admin,login
August 23, 2024,admin,login
August 23, 2024,admin,login
August 23, 2024,admin,logout
August 23, 2024,admin,login
August 23, 2024,admin,logout
August 23, 2024,admin,login
August 23, 2024,admin,login
August 23, 2024,admin,logout
August 23, 2024,admin,login
August 23, 2024,admin,logout
August 23, 2024,admin,login
August 23, 2024,admin,logout
August 23, 2024,admin,login
August 23, 2024,admin,logout
August 23, 2024,admin,login
August 23, 2024,admin,add-to-cart
August 23, 2024,admin,add-to-cart
August 23, 2024,admin,checkout
August 23, 2024,admin,add-to-cart
August 23, 2024,admin,add-to-cart
August 23, 2024,admin,add-to-cart
August 23, 2024,admin,checkout
August 23, 2024,admin,add-to-cart
August 23, 2024,admin,remove-from-cart
August 23, 2024,admin,logout
August 23, 2024,gaia,register
August 23, 2024,gaia,login
August 23, 2024,gaia,logout
August 23, 2024,gaia,login
August 23, 2024,barak,login
August 23, 2024,barak,logout
August 23, 2024,admin,login
August 23, 2024,admin,logout
August 23, 2024,admin,login
August 23, 2024,admin,add-to-cart
August 23, 2024,admin,remove-from-cart
August 23, 2024,admin,logout
August 23, 2024,barak,login
August 23, 2024,barak,add-to-cart
August 23, 2024,barak,remove-from-cart
August 23, 2024,barak,add-to-cart
August 23, 2024,barak,logout
August 23, 2024,admin,login
August 23, 2024,admin,add-to-cart
August 23, 2024,admin,logout
August 23, 2024,admin,login
August 23, 2024,admin,logout
August 23, 2024,admin,login
August 23, 2024,admin,logout
August 23, 2024,admin,login
August 23, 2024,admin,logout
August 23, 2024,barak,login
August 23, 2024,barak,remove-from-cart
August 23, 2024,barak,add-to-cart
August 23, 2024,barak,remove-from-cart
August 23, 2024,barak,logout
August 23, 2024,barak,login
August 23, 2024,barak,add-to-cart
August 23, 2024,barak,remove-from-cart
August 24, 2024,admin,login
August 24, 2024,admin,login
August 24, 2024,admin,login
August 24, 2024,admin,login
August 24, 2024,admin,remove-from-cart
August 24, 2024,admin,add-to-cart
August 24, 2024,admin,add-to-cart
August 24, 2024,admin,checkout
August 24, 2024,admin,add-to-cart
August 24, 2024,admin,checkout
August 24, 2024,admin,add-to-cart
August 24, 2024,admin,checkout
August 24, 2024,admin,add-to-cart
August 24, 2024,admin,remove-from-cart
August 24, 2024,admin,add-to-cart
August 24, 2024,admin,remove-from-cart
August 24, 2024,admin,login
August 24, 2024,admin,logout
August 24, 2024,thisisfun,register
August 24, 2024,thisisfun,login
August 24, 2024,thisisfun,logout
August 24, 2024,thisisfun,login
August 24, 2024,thisisfun,logout
August 24, 2024,thisisfun,login
August 24, 2024,admin,login
August 24, 2024,admin,login
August 24, 2024,admin,login
August 24, 2024,admin,logout
August 24, 2024,barak,login
August 24, 2024,barak,logout
August 24, 2024,thisisfun,login
August 24, 2024,thisisfun,add-to-cart
August 24, 2024,thisisfun,remove-from-cart
August 24, 2024,thisisfun,add-to-cart
August 24, 2024,thisisfun,checkout
August 24, 2024,thisisfun,logout
August 24, 2024,admin,login
August 24, 2024,admin,add-to-cart
August 24, 2024,admin,remove-from-cart
August 24, 2024,admin,logout
August 24, 2024,barak,login
August 24, 2024,barak,logout
August 24, 2024,admin,login
August 24, 2024,admin,add-to-cart
August 24, 2024,admin,remove-from-cart
August 24, 2024,admin,logout
August 24, 2024,admin,login
August 24, 2024,admin,add-to-cart
August 24, 2024,admin,remove-from-cart
August 24, 2024,admin,login
August 24, 2024,admin,login
August 24, 2024,admin,contact-us-sent
August 24, 2024,admin,logout
August 24, 2024,admin,login
August 24, 2024,admin,logout
August 24, 2024,N/A,login-via-browse-products-btn
August 24, 2024,admin,login
August 24, 2024,admin,logout
August 24, 2024,barak,login
August 24, 2024,barak,add-to-cart
August 24, 2024,barak,remove-from-cart
August 24, 2024,barak,logout
August 24, 2024,admin,login
August 24, 2024,admin,login
August 24, 2024,admin,logout
August 24, 2024,N/A,login-via-browse-products-btn
August 24, 2024,thisAppIsAwesome,register
August 24, 2024,thisAppIsAwesome,login
August 24, 2024,thisAppIsAwesome,add-to-cart
August 24, 2024,thisAppIsAwesome,add-to-cart
August 24, 2024,thisAppIsAwesome,checkout
August 24, 2024,thisAppIsAwesome,logout
August 24, 2024,admin,login
August 24, 2024,admin,add-to-cart
August 24, 2024,admin,remove-from-cart
August 24, 2024,admin,logout
August 24, 2024,N/A,login-via-browse-products-btn
August 24, 2024,new_user,register
August 24, 2024,new_user,login
August 24, 2024,new_user,add-to-cart
August 24, 2024,new_user,add-to-cart
August 24, 2024,new_user,remove-from-cart
August 24, 2024,new_user,checkout
August 24, 2024,new_user,contact-us-sent
August 24, 2024,new_user,logout
August 24, 2024,admin,login
August 24, 2024,admin,logout
August 24, 2024,admin,login
August 24, 2024,testuser,register
August 24, 2024,testuser,login
August 24, 2024,testuser,add-to-cart
August 24, 2024,testuser,remove-from-cart
August 24, 2024,testuser,logout
August 24, 2024,testuser,login
August 24, 2024,testuser,add-to-cart
August 24, 2024,testuser,remove-from-cart
August 24, 2024,testuser,test activity
August 24, 2024,testuser,login
August 24, 2024,testuser,add-to-cart
August 24, 2024,testuser,remove-from-cart
August 24, 2024,user,activity
August 24, 2024,testuser,login
August 24, 2024,testuser,add-to-cart
August 24, 2024,testuser,remove-from-cart
August 24, 2024,testuser,logout
August 24, 2024,testuser,login
August 24, 2024,testuser,add-to-cart
August 24, 2024,testuser,remove-from-cart
August 24, 2024,testuser,test activity
August 24, 2024,testuser,login
August 24, 2024,testuser,add-to-cart
August 24, 2024,testuser,remove-from-cart
August 24, 2024,testuser,test activity
August 24, 2024,testuser,login
August 24, 2024,testuser,add-to-cart
August 24, 2024,testuser,remove-from-cart
August 24, 2024,testuser,test activity
August 24, 2024,N/A,login-via-browse-products-btn
August 24, 2024,N/A,login-via-browse-products-btn
August 24, 2024,newstUser,register
August 24, 2024,newstUser,login
August 24, 2024,newstUser,add-to-cart
August 24, 2024,newstUser,add-to-cart
August 24, 2024,newstUser,checkout
August 24, 2024,newstUser,contact-us-sent
August 24, 2024,newstUser,logout
August 24, 2024,admin,login
August 24, 2024,admin,add-to-cart
August 25, 2024,admin,remove-from-cart
August 25, 2024,admin,logout
August 25, 2024,barak,login
August 25, 2024,barak,logout
August 25, 2024,admin,login
August 25, 2024,admin,logout
August 27, 2024,testuser,login
August 27, 2024,testuser,add-to-cart
August 27, 2024,testuser,remove-from-cart
August 27, 2024,testuser,testactivity
August 27, 2024,N/A,login-via-browse-products-btn
August 27, 2024,testuser,login
August 27, 2024,testuser,add-to-cart
August 27, 2024,testuser,remove-from-cart
August 27, 2024,N/A,testactivity
August 27, 2024,testuser,login
August 27, 2024,testuser,add-to-cart
August 27, 2024,testuser,remove-from-cart
August 27, 2024,testuser,testactivity
August 27, 2024,testuser,login
August 27, 2024,testuser,add-to-cart
August 27, 2024,testuser,remove-from-cart
August 27, 2024,testuser,testactivity
August 27, 2024,testuser,login
August 27, 2024,testuser,add-to-cart
August 27, 2024,testuser,remove-from-cart
August 27, 2024,testuser,testactivity
August 27, 2024,testuser,login
August 27, 2024,testuser,add-to-cart
August 27, 2024,testuser,remove-from-cart
August 27, 2024,testuser,testactivity
August 27, 2024,testuser,login
August 27, 2024,testuser,add-to-cart
August 27, 2024,testuser,remove-from-cart
August 27, 2024,testuser,testactivity
August 27, 2024,testuser,login
August 27, 2024,testuser,add-to-cart
August 27, 2024,testuser,remove-from-cart
August 27, 2024,testuser,testactivity
August 27, 2024,testuser,login
August 27, 2024,testuser,add-to-cart
August 27, 2024,testuser,remove-from-cart
August 27, 2024,testuser,testactivity
August 27, 2024,testuser,login
August 27, 2024,testuser,add-to-cart
August 27, 2024,testuser,remove-from-cart
August 27, 2024,testuser,testactivity
August 27, 2024,testuser,login
August 27, 2024,testuser,add-to-cart
August 27, 2024,testuser,remove-from-cart
August 27, 2024,testuser,testactivity
August 27, 2024,testuser,login
August 27, 2024,testuser,add-to-cart
August 27, 2024,testuser,remove-from-cart
August 27, 2024,testuser,testactivity
August 27, 2024,testuser,logout
August 27, 2024,testuser,login
August 27, 2024,testuser,add-to-cart
August 27, 2024,testuser,remove-from-cart
August 27, 2024,testuser,testactivity
August 27, 2024,testuser,logout
August 27, 2024,testuser,login
August 27, 2024,testuser,add-to-cart
August 27, 2024,testuser,remove-from-cart
August 27, 2024,testuser,testactivity
August 27, 2024,testuser,logout
August 27, 2024,testuser,login
August 27, 2024,testuser,add-to-cart
August 27, 2024,testuser,remove-from-cart
August 27, 2024,testuser,testactivity
August 27, 2024,testuser,logout
August 27, 2024,testuser,login
August 27, 2024,testuser,add-to-cart
August 27, 2024,testuser,remove-from-cart
August 27, 2024,testuser,testactivity
August 27, 2024,testuser,logout
August 27, 2024,testuser,login
August 27, 2024,testuser,add-to-cart
August 27, 2024,testuser,remove-from-cart
August 27, 2024,testuser,testactivity
August 27, 2024,testuser,logout
August 27, 2024,testuser,login
August 27, 2024,testuser,add-to-cart
August 27, 2024,testuser,remove-from-cart
August 27, 2024,testuser,testactivity
August 27, 2024,testuser,logout
August 27, 2024,testuser,login
August 27, 2024,testuser,add-to-cart
August 27, 2024,testuser,remove-from-cart
August 27, 2024,testuser,testactivity
August 27, 2024,testuser,logout
August 27, 2024,testuser,login
August 27, 2024,testuser,add-to-cart
August 27, 2024,testuser,remove-from-cart
August 27, 2024,testuser,testactivity
August 27, 2024,testuser,logout
August 27, 2024,testuser,login
August 27, 2024,testuser,add-to-cart
August 27, 2024,testuser,remove-from-cart
August 27, 2024,testuser,testactivity
August 27, 2024,testuser,logout
August 27, 2024,testuser,login
August 27, 2024,testuser,add-to-cart
August 27, 2024,testuser,remove-from-cart
August 27, 2024,testuser,testactivity
August 27, 2024,testuser,logout
August 27, 2024,testuser,login
August 27, 2024,testuser,add-to-cart
August 27, 2024,testuser,remove-from-cart
August 27, 2024,testuser,testactivity
August 27, 2024,testuser,logout
August 27, 2024,testuser,login
August 27, 2024,testuser,add-to-cart
August 27, 2024,testuser,remove-from-cart
August 27, 2024,testuser,testactivity
August 27, 2024,testuser,logout
August 27, 2024,admin,login
August 27, 2024,N/A,login-via-browse-products-btn
August 27, 2024,admin,login
